# Logfile created on 2020-07-09 09:59:44 +0000 by logger.rb/66358
[2020-07-09T09:59:44+00:00] INFO: Started chef-zero at chefzero://localhost:1 with repository at /opt/gitlab/embedded
  One version per cookbook

[2020-07-09T09:59:45+00:00] INFO: *** Chef 14.14.29 ***
[2020-07-09T09:59:45+00:00] INFO: Platform: x86_64-linux
[2020-07-09T09:59:45+00:00] INFO: Chef-client pid: 22
[2020-07-09T09:59:45+00:00] INFO: The plugin path /etc/chef/ohai/plugins does not exist. Skipping...
[2020-07-09T09:59:46+00:00] WARN: Plugin Network: unable to detect ipaddress
[2020-07-09T09:59:46+00:00] INFO: Setting the run_list to ["recipe[gitlab]"] from CLI options
[2020-07-09T09:59:46+00:00] INFO: Run List is [recipe[gitlab]]
[2020-07-09T09:59:46+00:00] INFO: Run List expands to [gitlab]
[2020-07-09T09:59:46+00:00] INFO: Starting Chef Run for gitlab.example.com
[2020-07-09T09:59:46+00:00] INFO: Running start handlers
[2020-07-09T09:59:46+00:00] INFO: Start handlers complete.
[2020-07-09T09:59:47+00:00] INFO: Loading cookbooks [gitlab@0.0.1, package@0.1.0, postgresql@0.1.0, redis@0.1.0, monitoring@0.1.0, registry@0.1.0, mattermost@0.1.0, consul@0.1.0, gitaly@0.1.0, praefect@0.1.0, letsencrypt@0.1.0, nginx@0.1.0, runit@5.1.3, acme@4.1.1, crond@0.1.0]
[2020-07-09T09:59:50+00:00] INFO: Skipped selecting an init system because it was explicitly disabled
[2020-07-09T09:59:51+00:00] INFO: The plugin path /etc/chef/ohai/plugins does not exist. Skipping...
[2020-07-09T09:59:52+00:00] WARN: only_if block for file[/var/opt/gitlab/gitlab-rails/etc/gitlab-registry.key] returned a string, did you mean to run a command?
[2020-07-09T09:59:52+00:00] WARN: only_if block for templatesymlink[Create a gitlab_pages_secret and create a symlink to Rails root] returned a string, did you mean to run a command?
[2020-07-09T09:59:52+00:00] INFO: link[/opt/gitlab/service/redis] created
[2020-07-09T09:59:53+00:00] INFO: Retrying execution of execute[/opt/gitlab/bin/gitlab-ctl start redis], 19 attempts left
[2020-07-09T09:59:56+00:00] INFO: execute[/opt/gitlab/bin/gitlab-ctl start redis] ran successfully
[2020-07-09T09:59:56+00:00] INFO: link[/opt/gitlab/service/gitaly] created
[2020-07-09T09:59:57+00:00] INFO: Retrying execution of execute[/opt/gitlab/bin/gitlab-ctl start gitaly], 19 attempts left
[2020-07-09T09:59:59+00:00] INFO: execute[/opt/gitlab/bin/gitlab-ctl start gitaly] ran successfully
[2020-07-09T10:00:00+00:00] INFO: link[/opt/gitlab/service/postgresql] created
[2020-07-09T10:00:00+00:00] INFO: file[/opt/gitlab/service/postgresql/supervise/status] owner changed to 996
[2020-07-09T10:00:00+00:00] INFO: file[/opt/gitlab/service/postgresql/supervise/status] group changed to 996
[2020-07-09T10:00:00+00:00] INFO: file[/opt/gitlab/service/postgresql/supervise/status] updated atime and mtime to 2020-07-09 10:00:00 +0000
[2020-07-09T10:00:00+00:00] INFO: file[/opt/gitlab/service/postgresql/log/supervise/status] owner changed to 996
[2020-07-09T10:00:00+00:00] INFO: file[/opt/gitlab/service/postgresql/log/supervise/status] group changed to 996
[2020-07-09T10:00:00+00:00] INFO: file[/opt/gitlab/service/postgresql/log/supervise/status] updated atime and mtime to 2020-07-09 10:00:00 +0000
[2020-07-09T10:00:01+00:00] INFO: Retrying execution of execute[/opt/gitlab/bin/gitlab-ctl start postgresql], 19 attempts left
[2020-07-09T10:00:03+00:00] INFO: execute[/opt/gitlab/bin/gitlab-ctl start postgresql] ran successfully
[2020-07-09T10:00:25+00:00] INFO: Running queued delayed notifications before re-raising exception
[2020-07-09T10:00:25+00:00] ERROR: Running exception handlers
[2020-07-09T10:00:25+00:00] ERROR: Exception handlers complete
[2020-07-09T10:00:25+00:00] FATAL: Stacktrace dumped to /opt/gitlab/embedded/cookbooks/cache/chef-stacktrace.out
[2020-07-09T10:00:25+00:00] FATAL: Please provide the contents of the stacktrace.out file if you file a bug report
[2020-07-09T10:00:25+00:00] FATAL: Mixlib::ShellOut::ShellCommandFailed: bash[migrate gitlab-rails database] (gitlab::database_migrations line 55) had an error: Mixlib::ShellOut::ShellCommandFailed: Expected process to exit with [0], but received '1'
---- Begin output of "bash"  "/tmp/chef-script20200709-22-1a0walg" ----
STDOUT: rake aborted!
Your current database version is too old to be migrated. You should upgrade to GitLab 11.11.0 before moving to this version. Please see https://docs.gitlab.com/ee/policy/maintenance.html#upgrade-recommendations
/opt/gitlab/embedded/service/gitlab-rails/lib/tasks/migrate/schema_check.rake:13:in `block in <top (required)>'
/opt/gitlab/embedded/service/gitlab-rails/lib/tasks/gitlab/db.rake:49:in `block (3 levels) in <top (required)>'
/opt/gitlab/embedded/bin/bundle:23:in `load'
/opt/gitlab/embedded/bin/bundle:23:in `<main>'
Tasks: TOP => db:migrate => schema_version_check
(See full trace by running task with --trace)
STDERR: 
---- End output of "bash"  "/tmp/chef-script20200709-22-1a0walg" ----
Ran "bash"  "/tmp/chef-script20200709-22-1a0walg" returned 1
